(THU.CST) os is loading ...

Special kernel symbols:
  entry  0x00100000 (phys)
  etext  0x00103422 (phys)
  edata  0x0010ea16 (phys)
  end    0x0010fd20 (phys)
Kernel executable memory footprint: 64KB
ebp:0x00007b08 eip:0x001009a7 args:0x00010094 0x00000000 0x00007b38 0x00100092
    kern/debug/kdebug.c:306: print_stackframe+23
ebp:0x00007b18 eip:0x00100c8d args:0x00000000 0x00000000 0x00000000 0x00007b88
    kern/debug/kmonitor.c:126: mon_backtrace+11
ebp:0x00007b38 eip:0x00100092 args:0x00000000 0x00007b60 0xffff0000 0x00007b64
    kern/init/init.c:49: grade_backtrace2+34
ebp:0x00007b58 eip:0x001000bb args:0x00000000 0xffff0000 0x00007b84 0x00000029
    kern/init/init.c:54: grade_backtrace1+39
ebp:0x00007b78 eip:0x001000d9 args:0x00000000 0x00100000 0xffff0000 0x0000001d
    kern/init/init.c:59: grade_backtrace0+24
ebp:0x00007b98 eip:0x001000fe args:0x0010345c 0x00103440 0x0000130a 0x00000000
    kern/init/init.c:64: grade_backtrace+35
ebp:0x00007bc8 eip:0x00100055 args:0x00000000 0x00000000 0x00000000 0x00010094
    kern/init/init.c:30: kern_init+85
ebp:0x00007bf8 eip:0x00007d68 args:0xc031fcfa 0xc08ed88e 0x64e4d08e 0xfa7502a8
    <unknow>: -- 0x00007d68 --
++ setup timer interrupts
100 ticks
End of Test.
kernel panic at kern/trap/trap.c:18:
    EOT: kernel seems ok.
stack trackback:
ebp:0x00007ab0 eip:0x001009a7 args:0x00103738 0x00007af4 0x00000012 0x00007b2c
    kern/debug/kdebug.c:306: print_stackframe+23
ebp:0x00007ae0 eip:0x00100cfe args:0x001037ee 0x00000012 0x001037d8 0x00000008
    kern/debug/panic.c:32: __panic+106
ebp:0x00007b00 eip:0x0010182e args:0x00007b38 0x0010030d 0x001002bf 0x00007b2c
    kern/trap/trap.c:36: idt_init+0
ebp:0x00007b30 eip:0x00101c56 args:0x00007b5c 0x00100330 0x00103768 0x00007b74
    kern/trap/trap.c:160: trap_dispatch+116
ebp:0x00007b50 eip:0x00101d14 args:0x00007b5c 0x00000001 0x00000000 0x00007bc8
    kern/trap/trap.c:0: trap+17
ebp:0x00007bc8 eip:0x00101d2c args:0x00000000 0x00000000 0x00000000 0x00010094
    kern/trap/trapentry.S:33: <unknown>+0
ebp:0x00007bf8 eip:0x00007d68 args:0xc031fcfa 0xc08ed88e 0x64e4d08e 0xfa7502a8
    <unknow>: -- 0x00007d68 --
Welcome to the kernel debug monitor!!
Type 'help' for a list of commands.
